<?xml version="1.0" encoding="UTF-8"?>
<!-- Generated by org.testng.reporters.JUnitXMLReporter -->
<testsuite hostname="DESKTOP-DC07V1Q" ignored="0" name="BankingApp Test" tests="3" failures="1" timestamp="09 Feb 2020 02:07:38 GMT" time="11.035" errors="0">
  <testcase name="loginDDT" time="1.195" classname="com.inetBanking.TestCases.TC_loginTest_002"/>
  <testcase name="loginDDT" time="0.576" classname="com.inetBanking.TestCases.TC_loginTest_002">
    <failure type="java.lang.AssertionError">
      <![CDATA[java.lang.AssertionError
at org.junit.Assert.fail(Assert.java:86)
at org.junit.Assert.assertTrue(Assert.java:41)
at org.junit.Assert.assertTrue(Assert.java:52)
at com.inetBanking.TestCases.TC_loginTest_002.loginDDT(TC_loginTest_002.java:31)
... Removed 25 stack frames]]>
    </failure>
  </testcase> <!-- loginDDT -->
  <testcase name="loginDDT" time="1.132" classname="com.inetBanking.TestCases.TC_loginTest_002"/>
</testsuite> <!-- BankingApp Test -->
